<?xml version="1.0" encoding="UTF-8"?>
<!-- Generated by org.testng.reporters.JUnitReportReporter -->
<testsuite hostname="DESKTOP-EI1MF8H" failures="0" tests="1" name="sqa.Automation" time="18.902" errors="0" timestamp="2021-12-08T23:08:57 BDT" skipped="0">
  <testcase classname="sqa.Automation" name="calculateEMI" time="18.902"/>
  <system-out/>
</testsuite> <!-- sqa.Automation -->
