<?xml version="1.0" encoding="UTF-8"?>
<!-- Generated by org.testng.reporters.JUnitReportReporter -->
<testsuite hostname="DESKTOP-EI1MF8H" failures="0" tests="1" name="sqa.Automation" time="11.431" errors="0" timestamp="2022-01-17T18:42:46 BDT" skipped="0">
  <testcase classname="sqa.Automation" name="verifyCalculation" time="11.431"/>
  <system-out/>
</testsuite> <!-- sqa.Automation -->
